Launcher Mode: Stopping all existing watcher processes...
 - Stopping old watcher (PID: 1338)...
/workspaces/Python-Workspace/.profile/auto-commit-all.sh: line 45: kill: (1338) - No such process
Waiting for old processes to release locks...
Restart complete. Finding all git repos under /workspaces...
 - Found repo: /workspaces/Python-Workspace
   -> Attempting to start new watcher. Log file: /tmp/auto-commit-workspaces_Python-Workspace.log
Launcher finished. New watcher processes are starting.
Close this terminal to stop all watchers.
Launcher Mode: Stopping all existing watcher processes...
 - Stopping old watcher (PID: 5763)...
/workspaces/Python-Workspace/.profile/auto-commit-all.sh: line 45: kill: (5763) - No such process
Waiting for old processes to release locks...
Restart complete. Finding all git repos under /workspaces...
 - Found repo: /workspaces/Python-Workspace
   -> Attempting to start new watcher. Log file: /tmp/auto-commit-workspaces_Python-Workspace.log
Launcher finished. New watcher processes are starting.
Close this terminal to stop all watchers.
Launcher Mode: Stopping all existing watcher processes...
 - Stopping old watcher (PID: 6605)...
/workspaces/Python-Workspace/.profile/auto-commit-all.sh: line 45: kill: (6605) - No such process
Waiting for old processes to release locks...
Restart complete. Finding all git repos under /workspaces...
 - Found repo: /workspaces/Python-Workspace
   -> Attempting to start new watcher. Log file: /tmp/auto-commit-workspaces_Python-Workspace.log
Launcher finished. New watcher processes are starting.
Close this terminal to stop all watchers.
